
> frontend@0.1.0 dev
> next dev

▲ Next.js 16.2.3 (Turbopack)
- Local:         http://localhost:3000
- Network:       http://192.168.0.110:3000
✓ Ready in 1596ms

 GET / 200 in 1777ms (next.js: 888ms, application-code: 890ms)
 GET / 200 in 372ms (next.js: 21ms, application-code: 351ms)
✓ Compiled in 259ms
✓ Compiled in 207ms
✓ Compiled in 220ms
✓ Compiled in 206ms
✓ Compiled in 226ms
✓ Compiled in 166ms
✓ Compiled in 166ms
✓ Compiled in 180ms
✓ Compiled in 274ms
✓ Compiled in 151ms
 GET / 200 in 520ms (next.js: 155ms, application-code: 365ms)
 GET / 200 in 272ms (next.js: 11ms, application-code: 262ms)
 GET / 200 in 314ms (next.js: 121ms, application-code: 193ms)
 GET / 200 in 114ms (next.js: 12ms, application-code: 102ms)
✓ Compiled in 192ms
 GET / 200 in 206ms (next.js: 106ms, application-code: 100ms)
 GET / 200 in 648ms (next.js: 21ms, application-code: 627ms)
 GET /register 200 in 300ms (next.js: 196ms, application-code: 104ms)
 GET /login 200 in 280ms (next.js: 185ms, application-code: 95ms)
 GET /register 200 in 68ms (next.js: 7ms, application-code: 60ms)
 GET /dashboard 200 in 2.2s (next.js: 2.1s, application-code: 110ms)
 GET /dashboard/add 200 in 1356ms (next.js: 1253ms, application-code: 103ms)
 GET /dashboard 200 in 80ms (next.js: 8ms, application-code: 72ms)
 GET /dashboard/settings 200 in 1507ms (next.js: 1408ms, application-code: 99ms)
 GET /dashboard/add 200 in 58ms (next.js: 7ms, application-code: 51ms)
 GET /dashboard 200 in 95ms (next.js: 10ms, application-code: 85ms)
 GET /saif 200 in 3.0s (next.js: 2.7s, application-code: 311ms)
